<?xml version="1.0" encoding="UTF-8"?>
<testng-results ignored="0" total="1" passed="1" failed="0" skipped="0">
  <reporter-output>
  </reporter-output>
  <suite started-at="2024-04-07T23:38:03 IST" name="Default suite" finished-at="2024-04-07T23:38:03 IST" duration-ms="359">
    <groups>
    </groups>
    <test started-at="2024-04-07T23:38:03 IST" name="Default test" finished-at="2024-04-07T23:38:03 IST" duration-ms="359">
      <class name="logical.MaxFromArray">
        <test-method signature="findMax()[pri:0, instance:logical.MaxFromArray@51e5fc98]" started-at="2024-04-07T23:38:03 IST" name="findMax" finished-at="2024-04-07T23:38:03 IST" duration-ms="99" status="PASS">
          <reporter-output>
          </reporter-output>
        </test-method> <!-- findMax -->
      </class> <!-- logical.MaxFromArray -->
    </test> <!-- Default test -->
  </suite> <!-- Default suite -->
</testng-results>
