<?xml version="1.0" encoding="UTF-8"?>
<testng-results ignored="0" total="1" passed="1" failed="0" skipped="0">
  <reporter-output>
  </reporter-output>
  <suite started-at="2023-12-15T11:55:22 IST" name="Default suite" finished-at="2023-12-15T11:55:22 IST" duration-ms="86">
    <groups>
    </groups>
    <test started-at="2023-12-15T11:55:22 IST" name="Default test" finished-at="2023-12-15T11:55:22 IST" duration-ms="86">
      <class name="Cat">
        <test-method signature="makeNoise()[pri:0, instance:Cat@1ffe63b9]" started-at="2023-12-15T11:55:22 IST" name="makeNoise" finished-at="2023-12-15T11:55:22 IST" duration-ms="23" status="PASS">
          <reporter-output>
          </reporter-output>
        </test-method> <!-- makeNoise -->
      </class> <!-- Cat -->
    </test> <!-- Default test -->
  </suite> <!-- Default suite -->
</testng-results>
