<?xml version="1.0" encoding="UTF-8"?>
<testng-results ignored="0" total="1" passed="1" failed="0" skipped="0">
  <reporter-output>
  </reporter-output>
  <suite started-at="2023-08-19T15:11:06 IST" name="Default suite" finished-at="2023-08-19T15:11:44 IST" duration-ms="37488">
    <groups>
    </groups>
    <test started-at="2023-08-19T15:11:06 IST" name="Default test" finished-at="2023-08-19T15:11:44 IST" duration-ms="37488">
      <class name="W3School.TestCase.Ajio">
        <test-method is-config="true" signature="setup()[pri:0, instance:W3School.TestCase.Ajio@79924b]" started-at="2023-08-19T15:11:06 IST" name="setup" finished-at="2023-08-19T15:11:33 IST" duration-ms="26686" status="PASS">
          <reporter-output>
          </reporter-output>
        </test-method> <!-- setup -->
        <test-method signature="ajioTestCase()[pri:0, instance:W3School.TestCase.Ajio@79924b]" started-at="2023-08-19T15:11:33 IST" name="ajioTestCase" finished-at="2023-08-19T15:11:44 IST" duration-ms="10726" status="PASS">
          <reporter-output>
          </reporter-output>
        </test-method> <!-- ajioTestCase -->
      </class> <!-- W3School.TestCase.Ajio -->
    </test> <!-- Default test -->
  </suite> <!-- Default suite -->
</testng-results>
