<?xml version="1.0" encoding="UTF-8"?>
<testng-results ignored="0" total="2" passed="2" failed="0" skipped="0">
  <reporter-output>
  </reporter-output>
  <suite started-at="2023-08-25T08:27:27 IST" name="Default suite" finished-at="2023-08-25T08:27:37 IST" duration-ms="9801">
    <groups>
    </groups>
    <test started-at="2023-08-25T08:27:27 IST" name="Default test" finished-at="2023-08-25T08:27:37 IST" duration-ms="9801">
      <class name="AETestlayer.DtpTest">
        <test-method is-config="true" signature="setup()[pri:0, instance:AETestlayer.DtpTest@294425a7]" started-at="2023-08-25T08:27:27 IST" name="setup" finished-at="2023-08-25T08:27:31 IST" duration-ms="3810" status="PASS">
          <reporter-output>
          </reporter-output>
        </test-method> <!-- setup -->
        <test-method signature="test(java.lang.String,java.lang.String)[pri:0, instance:AETestlayer.DtpTest@294425a7]" started-at="2023-08-25T08:27:31 IST" name="test" data-provider="Credentials" finished-at="2023-08-25T08:27:36 IST" duration-ms="4929" status="PASS">
          <params>
            <param index="0">
              <value>
                <![CDATA[suraj@gmail]]>
              </value>
            </param>
            <param index="1">
              <value>
                <![CDATA[1234]]>
              </value>
            </param>
          </params>
          <reporter-output>
          </reporter-output>
        </test-method> <!-- test -->
        <test-method signature="test(java.lang.String,java.lang.String)[pri:0, instance:AETestlayer.DtpTest@294425a7]" started-at="2023-08-25T08:27:36 IST" name="test" data-provider="Credentials" finished-at="2023-08-25T08:27:37 IST" duration-ms="987" status="PASS">
          <params>
            <param index="0">
              <value>
                <![CDATA[vaibhav@gmail]]>
              </value>
            </param>
            <param index="1">
              <value>
                <![CDATA[5678]]>
              </value>
            </param>
          </params>
          <reporter-output>
          </reporter-output>
        </test-method> <!-- test -->
      </class> <!-- AETestlayer.DtpTest -->
    </test> <!-- Default test -->
  </suite> <!-- Default suite -->
</testng-results>
